[2018-01-12 18:53:33,016][ceph_deploy.conf][DEBUG ] found configuration file at: /home/zagrebaev/.cephdeploy.conf
[2018-01-12 18:53:33,017][ceph_deploy.cli][INFO  ] Invoked (1.5.39): /usr/bin/ceph-deploy osd create zagrebaev:/dev/sde2
[2018-01-12 18:53:33,017][ceph_deploy.cli][INFO  ] ceph-deploy options:
[2018-01-12 18:53:33,017][ceph_deploy.cli][INFO  ]  username                      : None
[2018-01-12 18:53:33,017][ceph_deploy.cli][INFO  ]  block_db                      : None
[2018-01-12 18:53:33,017][ceph_deploy.cli][INFO  ]  disk                          : [('zagrebaev', '/dev/sde2', None)]
[2018-01-12 18:53:33,017][ceph_deploy.cli][INFO  ]  dmcrypt                       : False
[2018-01-12 18:53:33,018][ceph_deploy.cli][INFO  ]  verbose                       : False
[2018-01-12 18:53:33,018][ceph_deploy.cli][INFO  ]  bluestore                     : None
[2018-01-12 18:53:33,018][ceph_deploy.cli][INFO  ]  block_wal                     : None
[2018-01-12 18:53:33,018][ceph_deploy.cli][INFO  ]  overwrite_conf                : False
[2018-01-12 18:53:33,018][ceph_deploy.cli][INFO  ]  subcommand                    : create
[2018-01-12 18:53:33,018][ceph_deploy.cli][INFO  ]  dmcrypt_key_dir               : /etc/ceph/dmcrypt-keys
[2018-01-12 18:53:33,018][ceph_deploy.cli][INFO  ]  quiet                         : False
[2018-01-12 18:53:33,018][ceph_deploy.cli][INFO  ]  cd_conf                       : <ceph_deploy.conf.cephdeploy.Conf instance at 0x7fc555059d88>
[2018-01-12 18:53:33,019][ceph_deploy.cli][INFO  ]  cluster                       : ceph
[2018-01-12 18:53:33,019][ceph_deploy.cli][INFO  ]  fs_type                       : xfs
[2018-01-12 18:53:33,019][ceph_deploy.cli][INFO  ]  filestore                     : None
[2018-01-12 18:53:33,019][ceph_deploy.cli][INFO  ]  func                          : <function osd at 0x7fc55502a410>
[2018-01-12 18:53:33,019][ceph_deploy.cli][INFO  ]  ceph_conf                     : None
[2018-01-12 18:53:33,019][ceph_deploy.cli][INFO  ]  default_release               : False
[2018-01-12 18:53:33,019][ceph_deploy.cli][INFO  ]  zap_disk                      : False
[2018-01-12 18:53:33,019][ceph_deploy][ERROR ] ConfigError: Cannot load config: [Errno 2] No such file or directory: 'ceph.conf'; has `ceph-deploy new` been run in this directory?

[2018-01-12 18:54:02,775][ceph_deploy.conf][DEBUG ] found configuration file at: /home/zagrebaev/.cephdeploy.conf
[2018-01-12 18:54:02,775][ceph_deploy.cli][INFO  ] Invoked (1.5.39): /usr/bin/ceph-deploy osd create zagrebaev:/dev/sde
[2018-01-12 18:54:02,775][ceph_deploy.cli][INFO  ] ceph-deploy options:
[2018-01-12 18:54:02,776][ceph_deploy.cli][INFO  ]  username                      : None
[2018-01-12 18:54:02,776][ceph_deploy.cli][INFO  ]  block_db                      : None
[2018-01-12 18:54:02,776][ceph_deploy.cli][INFO  ]  disk                          : [('zagrebaev', '/dev/sde', None)]
[2018-01-12 18:54:02,776][ceph_deploy.cli][INFO  ]  dmcrypt                       : False
[2018-01-12 18:54:02,776][ceph_deploy.cli][INFO  ]  verbose                       : False
[2018-01-12 18:54:02,776][ceph_deploy.cli][INFO  ]  bluestore                     : None
[2018-01-12 18:54:02,776][ceph_deploy.cli][INFO  ]  block_wal                     : None
[2018-01-12 18:54:02,777][ceph_deploy.cli][INFO  ]  overwrite_conf                : False
[2018-01-12 18:54:02,777][ceph_deploy.cli][INFO  ]  subcommand                    : create
[2018-01-12 18:54:02,777][ceph_deploy.cli][INFO  ]  dmcrypt_key_dir               : /etc/ceph/dmcrypt-keys
[2018-01-12 18:54:02,777][ceph_deploy.cli][INFO  ]  quiet                         : False
[2018-01-12 18:54:02,777][ceph_deploy.cli][INFO  ]  cd_conf                       : <ceph_deploy.conf.cephdeploy.Conf instance at 0x7f3873003d88>
[2018-01-12 18:54:02,777][ceph_deploy.cli][INFO  ]  cluster                       : ceph
[2018-01-12 18:54:02,778][ceph_deploy.cli][INFO  ]  fs_type                       : xfs
[2018-01-12 18:54:02,778][ceph_deploy.cli][INFO  ]  filestore                     : None
[2018-01-12 18:54:02,778][ceph_deploy.cli][INFO  ]  func                          : <function osd at 0x7f3872fd4410>
[2018-01-12 18:54:02,778][ceph_deploy.cli][INFO  ]  ceph_conf                     : None
[2018-01-12 18:54:02,778][ceph_deploy.cli][INFO  ]  default_release               : False
[2018-01-12 18:54:02,778][ceph_deploy.cli][INFO  ]  zap_disk                      : False
[2018-01-12 18:54:02,779][ceph_deploy][ERROR ] ConfigError: Cannot load config: [Errno 2] No such file or directory: 'ceph.conf'; has `ceph-deploy new` been run in this directory?

[2018-01-12 20:43:15,723][ceph_deploy.conf][DEBUG ] found configuration file at: /home/zagrebaev/.cephdeploy.conf
[2018-01-12 20:43:15,724][ceph_deploy.cli][INFO  ] Invoked (1.5.39): /usr/bin/ceph-deploy osd create zagrebaev:sdb zagrebaev:sdc
[2018-01-12 20:43:15,724][ceph_deploy.cli][INFO  ] ceph-deploy options:
[2018-01-12 20:43:15,724][ceph_deploy.cli][INFO  ]  username                      : None
[2018-01-12 20:43:15,724][ceph_deploy.cli][INFO  ]  block_db                      : None
[2018-01-12 20:43:15,724][ceph_deploy.cli][INFO  ]  disk                          : [('zagrebaev', '/dev/sdb', None), ('zagrebaev', '/dev/sdc', None)]
[2018-01-12 20:43:15,725][ceph_deploy.cli][INFO  ]  dmcrypt                       : False
[2018-01-12 20:43:15,725][ceph_deploy.cli][INFO  ]  verbose                       : False
[2018-01-12 20:43:15,725][ceph_deploy.cli][INFO  ]  bluestore                     : None
[2018-01-12 20:43:15,725][ceph_deploy.cli][INFO  ]  block_wal                     : None
[2018-01-12 20:43:15,725][ceph_deploy.cli][INFO  ]  overwrite_conf                : False
[2018-01-12 20:43:15,725][ceph_deploy.cli][INFO  ]  subcommand                    : create
[2018-01-12 20:43:15,726][ceph_deploy.cli][INFO  ]  dmcrypt_key_dir               : /etc/ceph/dmcrypt-keys
[2018-01-12 20:43:15,726][ceph_deploy.cli][INFO  ]  quiet                         : False
[2018-01-12 20:43:15,726][ceph_deploy.cli][INFO  ]  cd_conf                       : <ceph_deploy.conf.cephdeploy.Conf instance at 0x7f7a39621d88>
[2018-01-12 20:43:15,726][ceph_deploy.cli][INFO  ]  cluster                       : ceph
[2018-01-12 20:43:15,726][ceph_deploy.cli][INFO  ]  fs_type                       : xfs
[2018-01-12 20:43:15,726][ceph_deploy.cli][INFO  ]  filestore                     : None
[2018-01-12 20:43:15,726][ceph_deploy.cli][INFO  ]  func                          : <function osd at 0x7f7a395f2410>
[2018-01-12 20:43:15,726][ceph_deploy.cli][INFO  ]  ceph_conf                     : None
[2018-01-12 20:43:15,726][ceph_deploy.cli][INFO  ]  default_release               : False
[2018-01-12 20:43:15,726][ceph_deploy.cli][INFO  ]  zap_disk                      : False
[2018-01-12 20:43:15,727][ceph_deploy][ERROR ] ConfigError: Cannot load config: [Errno 2] No such file or directory: 'ceph.conf'; has `ceph-deploy new` been run in this directory?

